/home/ptravessa/Desktop/2023_Lab/02_Alphasyn_Truncated/01_Charmm36/04_Analysis/Total/1_SASA/SVM_test.py:1: DeprecationWarning: 
Pyarrow will become a required dependency of pandas in the next major release of pandas (pandas 3.0),
(to allow more performant data types, such as the Arrow string type, and better interoperability with other libraries)
but was not found to be installed on your system.
If this would cause problems for you,
please provide us feedback at https://github.com/pandas-dev/pandas/issues/54466
        
  import pandas as pd
...............................................................................................................................................................................................................................................
Warning: using -h 0 may be faster
*..................................................................................................................................................................................................................................................................................................................................................................................................................................................................................................................................................................................................................................................................................................................................................................................................................................................................................................................................................................................................................................................................................................................................................................................................................................................................................
Warning: using -h 0 may be faster
*......
Warning: using -h 0 may be faster
*...........................................................................................................................................................................................................................................................................................................................................................................................................................................................................................................................................................................................................................................................................................................................................................................................................................................................................................................................................................................................................................................................................................................................................................................................................*...............................................................................................................................................................................................................................................................................................................................................................................................................................................................................................................................................................................................................................................................................................................................................................................................................................................................................................................................................................................................................................................................................................................................................................................................................................
Warning: using -h 0 may be faster
*........................................................................................................................................................................................................................................................................................................................................................................................................................................................................................................................................................................................................................................................................................................................................................................................................................................
Warning: using -h 0 may be faster
*................................................................................................................................................................................................................................................................................................................................................................................................................................................................................................................................................................................................................................................................................................................................................................................................................................................................................................................................
Warning: using -h 0 may be faster
*......................................................................................................................................................................................................................................................................................................................................................................................................................................................................................................................................................................................................................................................................................................................................................................................................................................................................................*...................................................................................................................................................................................................................................................................................................................................................................................................................................................................................................................................................................................................................................................................................................................................................................................................................................................................................................
Warning: using -h 0 may be faster
*........................................................................................................................................................................................................................................................................................................................................................................................................................................................................................................................................................................................................................................................................................................................................................................................................................................................................................................................................................................................................................................................................................................................................................................................................................................................................................*...................................................................................................................................................................................................................................................................................................................................................................................................................................................................................................................................................................................................................................................................................................................................................................................................................................................................................................................................................................................................................................................................................................................................................................................................................................................................................................................................................................................................................................................................................................................................................................................................................................................................................................................................................................................................................................................................................................................................................................................................................................................................................................................................................................................................................................
Warning: using -h 0 may be faster
*...........................................................................................................................................................................................................................................................................................................................................................................................................................................................................................................................................................................................................................................................................................................................................................................................................................................................................................................................................................................................................
Warning: using -h 0 may be faster
*................................
Warning: using -h 0 may be faster
*...................
Warning: using -h 0 may be faster
*....
Warning: using -h 0 may be faster
*..............................................................................................................................................................................................................
Warning: using -h 0 may be faster
*...........................................................
Warning: using -h 0 may be faster
*.................................
Warning: using -h 0 may be faster
*......
Warning: using -h 0 may be faster
*..
Warning: using -h 0 may be faster
*...
Warning: using -h 0 may be faster
*...
Warning: using -h 0 may be faster
*.....
Warning: using -h 0 may be faster
*......................................
Warning: using -h 0 may be faster
*..
Warning: using -h 0 may be faster
*....................
Warning: using -h 0 may be faster
*.......
Warning: using -h 0 may be faster
*.....
Warning: using -h 0 may be faster
*.
Warning: using -h 0 may be faster
*.
Warning: using -h 0 may be faster
*...
Warning: using -h 0 may be faster
*.
Warning: using -h 0 may be faster
*.
Warning: using -h 0 may be faster
*
optimization finished, #iter = 12042596
obj = -42973.350216, rho = 4.245102
nSV = 42976, nBSV = 42972
Total nSV = 42976
X_train and y_train are training features and labels
Training set shape (X, y): (580000, 1) (580000,)


X_test and y_test are testing features and labels
Testing set shape (X, y): (145001, 1) (145001,)


[LibSVM]Accuracy: 0.98
Confusion Matrix:
[[123136   1277]
 [  1424  19164]]
Classification Report:
              precision    recall  f1-score   support

           0       0.99      0.99      0.99    124413
           1       0.94      0.93      0.93     20588

    accuracy                           0.98    145001
   macro avg       0.96      0.96      0.96    145001
weighted avg       0.98      0.98      0.98    145001

